{
  "RSpec": {
    "coverage": {
      "/Users/ezl5238/dev/decko/gem/card/lib/card/reference.rb": {
        "lines": [
          null,
          null,
          1,
          null,
          null,
          1,
          1,
          null,
          null,
          1,
          1507,
          null,
          6373,
          null,
          null,
          1507,
          1507,
          null,
          null,
          null,
          1,
          2691,
          null,
          null,
          null,
          1,
          934,
          null,
          null,
          null,
          1,
          1,
          null,
          null,
          null,
          null,
          null,
          null,
          null,
          1,
          1,
          null,
          null,
          null,
          null,
          null,
          0,
          0,
          null,
          null,
          null,
          null,
          null,
          1,
          0,
          0,
          0,
          0,
          0,
          null,
          null,
          null,
          null,
          null,
          1,
          0,
          0,
          0,
          0,
          0,
          null,
          null,
          null,
          null,
          null,
          1,
          0,
          null,
          null,
          null,
          1,
          0,
          null,
          null,
          null
        ]
      },
      "/Users/ezl5238/dev/decko/gem/card-mod-tinymce_editor/lib/card/reference/nest_parser.rb": {
        "lines": [
          1,
          1,
          null,
          null,
          1,
          1,
          null,
          1,
          null,
          1,
          14,
          null,
          5,
          null,
          null,
          null,
          null,
          1,
          5,
          null,
          null,
          null,
          null,
          null,
          1,
          6,
          null,
          null,
          1,
          9,
          9,
          9,
          9,
          9,
          9,
          null,
          null,
          1,
          null,
          1,
          9,
          9,
          null,
          null,
          1,
          21,
          189,
          null,
          42,
          13,
          36,
          null,
          29,
          null,
          null,
          null,
          null,
          1,
          9,
          9,
          9,
          12,
          12,
          12,
          null,
          null,
          null,
          null,
          1,
          0,
          null,
          null,
          null,
          null
        ]
      },
      "/Users/ezl5238/dev/decko/gem/card-mod-virtual/lib/card/virtual.rb": {
        "lines": [
          null,
          null,
          1,
          null,
          null,
          null,
          1,
          1,
          68,
          68,
          null,
          null,
          1,
          1,
          152,
          152,
          152,
          null,
          null,
          152,
          152,
          null,
          null,
          1,
          73,
          67,
          null,
          6,
          null,
          null,
          null,
          1,
          184,
          null,
          null,
          1,
          0,
          null,
          null,
          1,
          1,
          1,
          1,
          null,
          null,
          1,
          184,
          null,
          null,
          1,
          77,
          null,
          null,
          1,
          null,
          1,
          261,
          261,
          47,
          null,
          214,
          null,
          261,
          null,
          null,
          1,
          565,
          565,
          null,
          0,
          null,
          null,
          null,
          1,
          565,
          565,
          null,
          0,
          null,
          null,
          null,
          1,
          152,
          152,
          152,
          152,
          0,
          0,
          null,
          152,
          0,
          null,
          null,
          null,
          null
        ]
      },
      "/Users/ezl5238/dev/decko/gem/card/lib/card/content.rb": {
        "lines": [
          null,
          null,
          1,
          null,
          null,
          null,
          null,
          null,
          1,
          1,
          1,
          null,
          1,
          null,
          1,
          null,
          null,
          null,
          null,
          null,
          null,
          null,
          1,
          4237,
          4237,
          4237,
          4237,
          4237,
          null,
          null,
          null,
          null,
          null,
          1,
          5539,
          null,
          null,
          null,
          null,
          null,
          1,
          6327,
          null,
          null,
          1,
          0,
          null,
          null,
          null,
          1,
          1286,
          null,
          1220,
          null,
          null,
          1,
          66,
          252,
          null,
          null,
          null,
          1,
          3,
          null,
          null,
          1,
          7025,
          null,
          null,
          4169,
          0,
          2401,
          1768,
          null,
          0,
          null,
          0,
          null,
          14681,
          null,
          null,
          null,
          null,
          null,
          null,
          null,
          null,
          1,
          1346,
          937,
          409,
          0,
          0,
          null,
          null,
          null,
          1,
          0,
          null,
          null,
          1,
          0,
          0,
          null,
          null,
          null,
          1,
          22,
          22,
          null,
          null,
          null,
          1,
          22,
          22,
          22,
          22,
          null,
          null,
          1,
          null,
          1,
          22,
          22,
          21,
          null,
          21,
          21,
          null,
          22,
          null,
          null,
          1,
          22,
          21,
          null,
          null,
          null,
          1,
          4237,
          2909,
          null,
          1328,
          null,
          null,
          null,
          1,
          21,
          null,
          0,
          null,
          null,
          null
        ]
      },
      "/Users/ezl5238/dev/decko/gem/card/lib/card/content/clean.rb": {
        "lines": [
          1,
          1,
          null,
          1,
          1,
          null,
          1,
          null,
          32,
          null,
          null,
          1,
          null,
          null,
          null,
          null,
          null,
          null,
          1,
          1,
          1,
          1,
          null,
          null,
          1,
          36,
          36,
          36,
          null,
          null,
          1,
          null,
          1,
          null,
          1,
          2402,
          2402,
          2402,
          null,
          null,
          1,
          null,
          null,
          null,
          1,
          null,
          2402,
          477,
          null,
          null,
          null,
          1,
          2402,
          null,
          null,
          1,
          477,
          477,
          423,
          null,
          null,
          1,
          423,
          863,
          863,
          null,
          null,
          null,
          1,
          863,
          null,
          14,
          14,
          14,
          13,
          null,
          14,
          14,
          14,
          null,
          null,
          null,
          1,
          14,
          null,
          14,
          14,
          22,
          null,
          6,
          null,
          null,
          null,
          null,
          null
        ]
      },
      "/Users/ezl5238/dev/decko/gem/card/lib/card/content/truncate.rb": {
        "lines": [
          1,
          1,
          null,
          1,
          1,
          null,
          1,
          0,
          null,
          0,
          null,
          0,
          0,
          0,
          null,
          0,
          null,
          null,
          1,
          null,
          1,
          0,
          0,
          0,
          0,
          0,
          0,
          null,
          null,
          1,
          0,
          0,
          0,
          null,
          null,
          1,
          0,
          null,
          0,
          null,
          0,
          null,
          null,
          1,
          0,
          null,
          null,
          0,
          0,
          null,
          null,
          0,
          0,
          null,
          0,
          null,
          null,
          0,
          0,
          null,
          0,
          null,
          0,
          null,
          null,
          null,
          null
        ]
      },
      "/Users/ezl5238/dev/decko/gem/card/lib/card/content/chunk.rb": {
        "lines": [
          null,
          null,
          1,
          null,
          1,
          1,
          null,
          null,
          null,
          null,
          null,
          null,
          1,
          1,
          null,
          1,
          1,
          1,
          1,
          null,
          1,
          1,
          9,
          9,
          null,
          null,
          9,
          9,
          9,
          54,
          null,
          15,
          null,
          null,
          null,
          1,
          6,
          6,
          null,
          15,
          null,
          0,
          null,
          null,
          null,
          1,
          6332,
          null,
          6332,
          6332,
          null,
          null,
          null,
          null,
          null,
          6332,
          null,
          null,
          1,
          4237,
          null,
          null,
          null,
          1,
          5,
          null,
          null,
          5,
          14,
          14,
          null,
          5,
          null,
          null,
          1,
          6337,
          0,
          null,
          null,
          null,
          null,
          null,
          null,
          null,
          1,
          null,
          null,
          1,
          1,
          1,
          1,
          1,
          null,
          null,
          1,
          null
        ]
      },
      "/Users/ezl5238/dev/decko/gem/card/mod/core/chunk/escaped_literal.rb": {
        "lines": [
          null,
          null,
          1,
          1,
          1,
          null,
          null,
          null,
          null,
          1,
          1,
          null,
          1,
          null,
          null,
          null,
          1,
          5,
          null,
          null,
          1,
          5,
          null,
          null,
          null,
          null,
          null
        ]
      },
      "/Users/ezl5238/dev/decko/gem/card/lib/card/content/chunk/abstract.rb": {
        "lines": [
          1,
          1,
          null,
          null,
          null,
          null,
          null,
          null,
          1,
          1,
          1,
          1,
          null,
          1,
          null,
          1,
          6352,
          null,
          null,
          1,
          6345,
          null,
          null,
          1,
          6092,
          null,
          null,
          null,
          1,
          1039,
          null,
          null,
          1,
          6320,
          6320,
          6320,
          6320,
          6320,
          null,
          null,
          1,
          0,
          null,
          null,
          null,
          1,
          9735,
          null,
          null,
          1,
          5539,
          null,
          null,
          1,
          2834,
          null,
          null,
          1,
          2834,
          null,
          null,
          1,
          2872,
          null,
          273,
          273,
          273,
          null,
          null,
          null,
          null,
          null,
          1,
          273,
          null,
          null,
          1,
          0,
          null,
          null,
          1,
          38,
          null,
          null,
          null,
          null,
          null,
          null
        ]
      },
      "/Users/ezl5238/dev/decko/gem/card/mod/core/chunk/keep_escaped_literal.rb": {
        "lines": [
          null,
          null,
          1,
          1,
          1,
          null,
          null,
          null,
          1,
          1,
          null,
          1,
          null,
          null,
          null,
          1,
          2,
          null,
          null,
          1,
          2,
          null,
          null,
          null,
          null,
          null
        ]
      },
      "/Users/ezl5238/dev/decko/gem/card/mod/core/chunk/link.rb": {
        "lines": [
          null,
          null,
          null,
          1,
          null,
          1,
          1,
          1,
          null,
          null,
          null,
          1,
          1,
          1,
          null,
          1,
          null,
          null,
          null,
          1,
          1714,
          null,
          null,
          1,
          null,
          2606,
          2606,
          556,
          null,
          2050,
          null,
          null,
          null,
          2606,
          2606,
          673,
          null,
          1933,
          null,
          null,
          null,
          1,
          null,
          null,
          2606,
          556,
          556,
          7,
          null,
          556,
          null,
          null,
          null,
          1,
          379,
          null,
          null,
          1,
          3279,
          1229,
          1229,
          7,
          null,
          1222,
          null,
          null,
          null,
          1,
          733,
          null,
          733,
          373,
          373,
          360,
          360,
          360,
          null,
          null,
          null,
          null,
          1,
          2,
          2,
          0,
          0,
          null,
          null,
          null,
          1,
          489,
          null,
          null,
          1,
          0,
          null,
          null,
          null,
          1,
          88,
          88,
          null,
          88,
          null,
          null,
          1,
          88,
          1,
          1,
          null,
          87,
          1,
          null,
          null,
          null,
          1,
          244,
          null,
          null,
          null,
          null,
          null
        ]
      },
      "/Users/ezl5238/dev/decko/gem/card/mod/core/chunk/reference.rb": {
        "lines": [
          null,
          null,
          1,
          1,
          1,
          1,
          1,
          null,
          1,
          5826,
          5532,
          5532,
          null,
          null,
          null,
          null,
          1,
          5408,
          5408,
          null,
          null,
          1,
          11,
          null,
          null,
          1,
          179,
          179,
          179,
          0,
          0,
          null,
          null,
          179,
          null,
          null,
          null,
          1,
          6516,
          2,
          null,
          6514,
          null,
          null,
          null,
          1,
          null,
          1,
          5408,
          null,
          0,
          null,
          143,
          null,
          null,
          null,
          null,
          null,
          null
        ]
      },
      "/Users/ezl5238/dev/decko/gem/card/mod/core/chunk/nest.rb": {
        "lines": [
          null,
          null,
          null,
          null,
          1,
          1,
          1,
          null,
          1,
          1,
          1,
          null,
          1,
          null,
          null,
          null,
          1,
          3187,
          3187,
          3187,
          3187,
          4,
          null,
          3183,
          null,
          3183,
          null,
          null,
          null,
          1,
          null,
          null,
          3187,
          null,
          null,
          1,
          2,
          null,
          null,
          1,
          3183,
          3183,
          2857,
          null,
          null,
          null,
          1,
          2857,
          2857,
          2857,
          null,
          null,
          1,
          2857,
          2944,
          2944,
          3,
          3,
          2941,
          2929,
          null,
          null,
          null,
          null,
          null,
          null,
          1,
          0,
          null,
          null,
          1,
          1908,
          null,
          1905,
          1905,
          null,
          null,
          null,
          1,
          89,
          89,
          89,
          null,
          null,
          1,
          0,
          null,
          0,
          0,
          null,
          0,
          null,
          null,
          null,
          1,
          17,
          null,
          null,
          1,
          17,
          null,
          null,
          1,
          22,
          21,
          null,
          null,
          null,
          1,
          6,
          null,
          null,
          1,
          null,
          1,
          2861,
          2858,
          null,
          2948,
          2948,
          2948,
          null,
          null,
          null,
          null,
          null,
          null
        ]
      },
      "/Users/ezl5238/dev/decko/gem/card/mod/core/chunk/query_reference.rb": {
        "lines": [
          null,
          null,
          1,
          1,
          1,
          null,
          null,
          null,
          null,
          null,
          null,
          null,
          null,
          null,
          null,
          null,
          null,
          1,
          1,
          1,
          null,
          1,
          null,
          null,
          null,
          null,
          null,
          null,
          null,
          1,
          null,
          null,
          null,
          null,
          null,
          null,
          null,
          null,
          null,
          null,
          null,
          null,
          null,
          null,
          null,
          null,
          null,
          null,
          null,
          null,
          null,
          null,
          null,
          null,
          1,
          1,
          null,
          null,
          338,
          338,
          null,
          313,
          null,
          null,
          1,
          338,
          null,
          338,
          null,
          null,
          null,
          1,
          313,
          null,
          null,
          1,
          4,
          null,
          null,
          1,
          0,
          null,
          null,
          1,
          2,
          2,
          null,
          null,
          1,
          293,
          null,
          null,
          null,
          null,
          null
        ]
      },
      "/Users/ezl5238/dev/decko/gem/card/lib/card/query.rb": {
        "lines": [
          null,
          null,
          1,
          null,
          null,
          null,
          null,
          null,
          null,
          null,
          null,
          null,
          null,
          null,
          null,
          null,
          null,
          null,
          null,
          null,
          null,
          null,
          null,
          null,
          null,
          null,
          null,
          null,
          null,
          null,
          null,
          null,
          null,
          null,
          null,
          1,
          1,
          1,
          1,
          null,
          null,
          null,
          null,
          null,
          null,
          null,
          null,
          null,
          null,
          1,
          null,
          null,
          null,
          null,
          null,
          null,
          null,
          null,
          null,
          null,
          null,
          null,
          null,
          null,
          null,
          null,
          null,
          null,
          null,
          null,
          null,
          null,
          58,
          null,
          null,
          1,
          null,
          1,
          8,
          null,
          null,
          9,
          null,
          null,
          null,
          null,
          1,
          null,
          1,
          1,
          4597,
          null,
          null,
          1,
          4209,
          null,
          null,
          1,
          4007,
          null,
          null,
          1,
          5063,
          5063,
          null,
          5063,
          null,
          null,
          null,
          null
        ]
      },
      "/Users/ezl5238/dev/decko/gem/card/lib/card/query/clause.rb": {
        "lines": [
          1,
          1,
          1,
          null,
          null,
          1,
          5027,
          null,
          null,
          1,
          5639,
          null,
          null,
          1,
          5679,
          null,
          null,
          null,
          null
        ]
      },
      "/Users/ezl5238/dev/decko/gem/card/lib/card/query/card_query.rb": {
        "lines": [
          1,
          1,
          null,
          1,
          1,
          1,
          1,
          1,
          1,
          1,
          1,
          1,
          1,
          1,
          null,
          null,
          null,
          null,
          null,
          null,
          1,
          3,
          null,
          null,
          1,
          8929,
          null,
          null,
          1,
          5458,
          null,
          null,
          1,
          5661,
          5661,
          5661,
          null,
          null,
          1,
          1965,
          null,
          695,
          null,
          null,
          null,
          null,
          null,
          null,
          null,
          1,
          38,
          null,
          null,
          1,
          8890,
          null,
          null,
          null,
          null
        ]
      },
      "/Users/ezl5238/dev/decko/gem/card/lib/card/query/abstract_query.rb": {
        "lines": [
          1,
          1,
          null,
          null,
          null,
          null,
          null,
          null,
          null,
          null,
          null,
          null,
          null,
          null,
          null,
          1,
          1,
          1,
          null,
          1,
          null,
          1,
          null,
          1,
          8602,
          8602,
          8602,
          8602,
          null,
          8602,
          8602,
          8602,
          8602,
          null,
          null,
          1,
          8602,
          34408,
          null,
          null,
          null,
          1,
          8602,
          8599,
          4388,
          null,
          null,
          null,
          1,
          2941,
          2941,
          null,
          null,
          null,
          1,
          140,
          null,
          null,
          1,
          4514,
          null,
          null,
          1,
          28725,
          null,
          null,
          1,
          20677,
          null,
          null,
          1,
          4209,
          4209,
          4209,
          4209,
          null,
          null,
          1,
          250,
          233,
          null,
          17,
          null,
          null,
          null,
          1,
          8666,
          4384,
          14,
          130,
          null,
          null,
          null,
          null,
          null
        ]
      },
      "/Users/ezl5238/dev/decko/gem/card/lib/card/query/abstract_query/query_helper.rb": {
        "lines": [
          1,
          1,
          1,
          null,
          1,
          1,
          8392,
          null,
          null,
          1,
          8592,
          8592,
          4206,
          null,
          200,
          200,
          null,
          8592,
          null,
          null,
          1,
          45917,
          8602,
          203,
          null,
          8399,
          null,
          null,
          null,
          null,
          1,
          12407,
          null,
          8399,
          null,
          null,
          1,
          5294,
          null,
          null,
          1,
          10378,
          10378,
          5192,
          null,
          5186,
          null,
          null,
          null,
          1,
          2939,
          null,
          null,
          null,
          null,
          null
        ]
      },
      "/Users/ezl5238/dev/decko/gem/card/lib/card/query/abstract_query/tie.rb": {
        "lines": [
          1,
          1,
          1,
          null,
          null,
          null,
          null,
          null,
          null,
          null,
          null,
          null,
          null,
          null,
          null,
          null,
          null,
          1,
          1,
          4005,
          4005,
          4005,
          4005,
          null,
          null,
          1,
          4005,
          4005,
          null,
          null,
          1,
          4005,
          4005,
          4005,
          null,
          null,
          1,
          3877,
          3877,
          3877,
          null,
          null,
          1,
          64,
          64,
          null,
          null,
          1,
          64,
          null,
          null,
          1,
          25341,
          null,
          null,
          1,
          3877,
          null,
          3877,
          3877,
          null,
          null,
          1,
          3877,
          null,
          null,
          null,
          1,
          88,
          88,
          null,
          null,
          1,
          4067,
          4067,
          null,
          null,
          1,
          64,
          null,
          null,
          1,
          64,
          null,
          null,
          1,
          1979,
          1571,
          null,
          408,
          null,
          null,
          null,
          1,
          4482,
          839,
          3222,
          3,
          null,
          null,
          null,
          null,
          null,
          null
        ]
      },
      "/Users/ezl5238/dev/decko/gem/card/lib/card/query/card_query/run.rb": {
        "lines": [
          1,
          1,
          1,
          null,
          1,
          null,
          null,
          1,
          4380,
          4380,
          4380,
          null,
          null,
          null,
          1,
          16773,
          null,
          null,
          null,
          1,
          4355,
          4355,
          16748,
          null,
          null,
          null,
          1,
          0,
          null,
          null,
          1,
          null,
          33540,
          0,
          6,
          0,
          0,
          null,
          null,
          null,
          1,
          25,
          null,
          null,
          1,
          0,
          null,
          null,
          1,
          799,
          null,
          null,
          1,
          0,
          null,
          null,
          1,
          10,
          null,
          null,
          1,
          15366,
          15366,
          15366,
          null,
          null,
          1,
          587,
          4,
          null,
          583,
          null,
          null,
          null,
          1,
          583,
          583,
          239,
          239,
          null,
          583,
          583,
          null,
          null,
          1,
          null,
          4380,
          null,
          null,
          1,
          15366,
          15366,
          null,
          13,
          null,
          null,
          1,
          13,
          13,
          null,
          null,
          1,
          4380,
          null,
          null,
          1,
          15953,
          null,
          null,
          null,
          null,
          null
        ]
      },
      "/Users/ezl5238/dev/decko/gem/card/lib/card/query/card_query/match_attributes.rb": {
        "lines": [
          1,
          1,
          1,
          null,
          null,
          null,
          null,
          null,
          1,
          null,
          1,
          18,
          18,
          36,
          null,
          18,
          null,
          null,
          null,
          1,
          2,
          2,
          1,
          1,
          null,
          1,
          null,
          null,
          null,
          null,
          null,
          1,
          1,
          null,
          null,
          1,
          null,
          1,
          18,
          null,
          null,
          null,
          null,
          null
        ]
      },
      "/Users/ezl5238/dev/decko/gem/card/lib/card/query/card_query/relational_attributes.rb": {
        "lines": [
          1,
          1,
          1,
          null,
          null,
          null,
          null,
          null,
          null,
          1,
          1,
          312,
          null,
          null,
          1,
          137,
          137,
          null,
          null,
          1,
          968,
          null,
          null,
          1,
          693,
          null,
          null,
          1,
          189,
          null,
          null,
          1,
          12,
          null,
          null,
          1,
          12,
          null,
          null,
          1,
          6,
          null,
          null,
          1,
          3,
          null,
          null,
          1,
          3,
          null,
          null,
          1,
          3,
          null,
          null,
          1,
          3,
          null,
          null,
          null,
          null,
          1,
          23,
          null,
          null,
          1,
          310,
          null,
          null,
          1,
          23,
          null,
          null,
          1,
          null,
          1,
          18,
          null,
          null,
          1,
          201,
          null,
          null,
          1,
          333,
          null,
          null,
          1,
          333,
          333,
          null,
          null,
          null,
          null,
          null
        ]
      },
      "/Users/ezl5238/dev/decko/gem/card/lib/card/query/card_query/reference_attributes.rb": {
        "lines": [
          1,
          1,
          1,
          null,
          1,
          1,
          8,
          2503,
          null,
          null,
          null,
          null,
          null,
          null,
          1,
          null,
          null,
          null,
          null,
          4,
          null,
          null,
          null,
          1,
          null,
          null,
          null,
          null,
          4,
          null,
          null,
          null,
          null,
          null,
          1,
          10,
          null,
          null,
          1,
          3,
          null,
          null,
          null,
          null,
          null
        ]
      },
      "/Users/ezl5238/dev/decko/gem/card/lib/card/query/card_query/found_by.rb": {
        "lines": [
          1,
          1,
          1,
          null,
          1,
          1,
          29,
          29,
          null,
          null,
          null,
          1,
          null,
          1,
          29,
          null,
          null,
          1,
          29,
          null,
          null,
          1,
          3,
          null,
          null,
          null,
          1,
          29,
          0,
          null,
          29,
          null,
          null,
          null,
          1,
          29,
          29,
          null,
          null,
          null,
          null,
          null,
          null
        ]
      },
      "/Users/ezl5238/dev/decko/gem/card/lib/card/query/card_query/interpretation.rb": {
        "lines": [
          1,
          1,
          1,
          null,
          1,
          1,
          null,
          null,
          null,
          null,
          null,
          null,
          1,
          8688,
          13961,
          null,
          null,
          null,
          1,
          13961,
          32,
          13929,
          3366,
          null,
          10563,
          null,
          null,
          null,
          1,
          null,
          null,
          13961,
          null,
          null,
          1,
          null,
          null,
          13929,
          null,
          null,
          1,
          3366,
          null,
          null,
          1,
          10563,
          10563,
          10556,
          null,
          7,
          null,
          null,
          null,
          1,
          7,
          1,
          1,
          null,
          0,
          null,
          null,
          null,
          1,
          1,
          null,
          null,
          1,
          0,
          null,
          null,
          1,
          null,
          354,
          291,
          354,
          null,
          null,
          1,
          5350,
          5350,
          5350,
          9,
          null,
          5341,
          null,
          null,
          null,
          1,
          9,
          9,
          null,
          18,
          null,
          9,
          null,
          null,
          null,
          null,
          null,
          null
        ]
      },
      "/Users/ezl5238/dev/decko/gem/card/lib/card/query/card_query/normalization.rb": {
        "lines": [
          1,
          1,
          1,
          null,
          1,
          1,
          8688,
          8688,
          8688,
          13967,
          null,
          null,
          12079,
          null,
          8688,
          null,
          null,
          1,
          9194,
          8971,
          186,
          37,
          0,
          0,
          null,
          null,
          null,
          1,
          13387,
          8481,
          4465,
          441,
          0,
          null,
          null,
          null,
          1,
          1749,
          null,
          null,
          1,
          4465,
          null,
          null,
          2,
          null,
          null,
          208,
          null,
          4255,
          null,
          null,
          null,
          1,
          2,
          null,
          null,
          null,
          null,
          null
        ]
      },
      "/Users/ezl5238/dev/decko/gem/card/lib/card/query/card_query/sorting.rb": {
        "lines": [
          1,
          1,
          1,
          null,
          null,
          null,
          null,
          null,
          null,
          null,
          null,
          null,
          1,
          1,
          null,
          1,
          2,
          null,
          2,
          2,
          2,
          2,
          null,
          null,
          1,
          2,
          1,
          null,
          1,
          null,
          null,
          null,
          1,
          1,
          1,
          null,
          null,
          1,
          null,
          null,
          1,
          1,
          null,
          null,
          null,
          null,
          null,
          1,
          1,
          1,
          1,
          null,
          null,
          1,
          0,
          null,
          null,
          1,
          1,
          1,
          1,
          null,
          null,
          1,
          null,
          1,
          null,
          null,
          1,
          1,
          null,
          null,
          null,
          1,
          null,
          null,
          null,
          1,
          1,
          null,
          null,
          1,
          1,
          null,
          null,
          null,
          null,
          1,
          1,
          1,
          1,
          1,
          1,
          1,
          1,
          1,
          null,
          null,
          null,
          null,
          null
        ]
      },
      "/Users/ezl5238/dev/decko/gem/card/lib/card/query/card_query/conjunctions.rb": {
        "lines": [
          1,
          1,
          1,
          null,
          1,
          1,
          4,
          null,
          1,
          null,
          1,
          173,
          null,
          1,
          1,
          null,
          1,
          88,
          null,
          null,
          1,
          6535,
          null,
          null,
          1,
          null,
          1,
          305,
          null,
          28,
          null,
          null,
          1,
          177,
          177,
          344,
          null,
          null,
          null,
          1,
          177,
          null,
          509,
          null,
          null,
          null,
          null,
          null
        ]
      },
      "/Users/ezl5238/dev/decko/gem/card/lib/card/query/sql_statement.rb": {
        "lines": [
          1,
          1,
          null,
          null,
          null,
          null,
          null,
          null,
          null,
          null,
          null,
          null,
          1,
          1,
          1,
          1,
          null,
          1,
          4517,
          4517,
          null,
          null,
          1,
          4514,
          4514,
          4514,
          4514,
          4514,
          4514,
          4514,
          4514,
          null,
          null,
          1,
          null,
          4514,
          null,
          null,
          null,
          1,
          4514,
          null,
          null,
          1,
          4514,
          null,
          null,
          1,
          8522,
          null,
          null,
          1,
          4514,
          null,
          4384,
          null,
          null,
          1,
          4514,
          null,
          null,
          1,
          4514,
          4514,
          4514,
          4514,
          4514,
          null,
          null,
          1,
          4514,
          2606,
          0,
          614,
          25,
          null,
          1269,
          null,
          null,
          null,
          1,
          1269,
          1239,
          null,
          30,
          null,
          null,
          null,
          1,
          4514,
          4514,
          null,
          null,
          1,
          4514,
          4359,
          4359,
          4359,
          22,
          22,
          22,
          null,
          null,
          null,
          null,
          1,
          9028,
          null,
          null,
          1,
          36,
          null,
          null,
          1,
          1,
          1,
          null,
          null,
          null,
          null
        ]
      },
      "/Users/ezl5238/dev/decko/gem/card/lib/card/query/sql_statement/joins.rb": {
        "lines": [
          1,
          1,
          1,
          null,
          1,
          1,
          8392,
          8392,
          3880,
          null,
          null,
          null,
          1,
          8392,
          null,
          null,
          1,
          3880,
          3880,
          3880,
          3880,
          null,
          null,
          1,
          3880,
          3880,
          11,
          null,
          3869,
          null,
          null,
          null,
          1,
          3880,
          null,
          3878,
          null,
          null,
          1,
          3880,
          3880,
          3880,
          null,
          null,
          1,
          3880,
          3880,
          null,
          3880,
          3880,
          3880,
          null,
          null,
          1,
          1007,
          1007,
          1007,
          null,
          null,
          null,
          null,
          null
        ]
      },
      "/Users/ezl5238/dev/decko/gem/card/lib/card/query/sql_statement/where.rb": {
        "lines": [
          1,
          1,
          1,
          null,
          1,
          1,
          4514,
          4514,
          4514,
          null,
          null,
          null,
          1,
          8592,
          8592,
          8592,
          8592,
          null,
          null,
          null,
          null,
          1,
          8592,
          4206,
          null,
          4117,
          64,
          64,
          3989,
          null,
          null,
          null,
          null,
          1,
          64,
          null,
          null,
          1,
          128,
          null,
          null,
          1,
          64,
          64,
          null,
          null,
          1,
          128,
          null,
          null,
          null,
          1,
          12472,
          15347,
          10162,
          5185,
          null,
          null,
          null,
          null,
          1,
          5185,
          5185,
          null,
          null,
          null,
          null,
          1,
          5521,
          null,
          5451,
          5451,
          null,
          null,
          1,
          5451,
          null,
          null,
          1,
          5454,
          null,
          948,
          948,
          948,
          null,
          null,
          null,
          1,
          8592,
          5588,
          null,
          3004,
          null,
          null,
          null,
          1,
          5588,
          null,
          null,
          null,
          null,
          null
        ]
      },
      "/Users/ezl5238/dev/decko/gem/card/lib/card/query/sql_statement/order.rb": {
        "lines": [
          1,
          1,
          null,
          null,
          null,
          1,
          null,
          1,
          null,
          null,
          null,
          null,
          null,
          null,
          null,
          null,
          null,
          1,
          1,
          4514,
          4359,
          null,
          null,
          null,
          1,
          4359,
          4359,
          null,
          null,
          null,
          1,
          4359,
          4359,
          4359,
          null,
          null,
          1,
          4359,
          4359,
          4357,
          null,
          2,
          null,
          null,
          null,
          null,
          1,
          4359,
          4359,
          null,
          1,
          null,
          null,
          1,
          4359,
          4357,
          null,
          2,
          null,
          null,
          null,
          1,
          4359,
          null,
          null,
          null,
          null,
          null
        ]
      },
      "/Users/ezl5238/dev/decko/gem/card/mod/core/chunk/uri.rb": {
        "lines": [
          null,
          null,
          1,
          null,
          null,
          null,
          null,
          null,
          null,
          null,
          null,
          null,
          null,
          null,
          null,
          null,
          null,
          null,
          null,
          null,
          null,
          1,
          1,
          1,
          null,
          6,
          null,
          1,
          1,
          null,
          1,
          null,
          null,
          null,
          null,
          null,
          1,
          1,
          213,
          140,
          null,
          73,
          null,
          213,
          213,
          213,
          null,
          null,
          1,
          213,
          213,
          null,
          null,
          null,
          1,
          207,
          207,
          207,
          null,
          null,
          207,
          6,
          6,
          6,
          null,
          207,
          null,
          207,
          207,
          207,
          null,
          null,
          null,
          0,
          null,
          null,
          1,
          null,
          1,
          67,
          null,
          null,
          1,
          207,
          207,
          null,
          null,
          null,
          null,
          1,
          1,
          1,
          null,
          1,
          null,
          null,
          null,
          null,
          null,
          null,
          null,
          1,
          44,
          null,
          null,
          null,
          1,
          null,
          1,
          null,
          null,
          null,
          null,
          null,
          null,
          null,
          null,
          null,
          null,
          null,
          null,
          null,
          null,
          1,
          null,
          null,
          null,
          1,
          null,
          null,
          1,
          1,
          null,
          1,
          null,
          null,
          null,
          null,
          null,
          null,
          1,
          96,
          null,
          null,
          null
        ]
      },
      "/Users/ezl5238/dev/decko/gem/card/mod/core/chunk/view_stub.rb": {
        "lines": [
          1,
          1,
          1,
          1,
          1,
          null,
          null,
          null,
          null,
          null,
          null,
          1,
          0,
          null,
          null,
          1,
          0,
          0,
          null,
          null,
          1,
          0,
          null,
          null,
          null,
          1,
          0,
          null,
          null,
          1,
          0,
          0,
          null,
          null,
          null,
          1,
          0,
          null,
          null,
          1,
          0,
          null,
          null,
          1,
          0,
          0,
          0,
          0,
          0,
          null,
          null,
          1,
          0,
          null,
          null,
          1,
          0,
          null,
          null,
          null,
          null,
          null
        ]
      },
      "/Users/ezl5238/dev/decko/gem/card/lib/card/seed_consts.rb": {
        "lines": [
          1,
          null,
          1,
          null,
          null,
          null,
          null,
          1,
          1,
          null,
          null,
          null,
          null,
          1,
          0,
          null,
          null,
          1,
          1,
          null
        ]
      },
      "/Users/ezl5238/dev/decko/gem/card-mod-history/lib/card/action.rb": {
        "lines": [
          null,
          null,
          1,
          null,
          null,
          null,
          null,
          null,
          null,
          null,
          null,
          null,
          null,
          null,
          null,
          null,
          null,
          null,
          null,
          null,
          null,
          null,
          1,
          1,
          1,
          null,
          1,
          1,
          1,
          null,
          null,
          null,
          1,
          1,
          null,
          1,
          2546,
          null,
          null,
          null,
          1,
          null,
          1,
          null,
          1,
          null,
          null,
          null,
          1,
          37,
          18,
          null,
          null,
          null,
          null,
          null,
          1,
          5349,
          null,
          null,
          1,
          0,
          null,
          null,
          1,
          0,
          null,
          null,
          null,
          null,
          null,
          1,
          1122,
          null,
          null,
          null,
          null,
          null,
          null,
          null,
          null,
          null,
          null,
          null,
          null,
          null,
          null,
          null,
          null,
          null,
          null,
          null,
          null,
          1,
          4525,
          null,
          null,
          null,
          null,
          null,
          1,
          2300,
          null,
          null,
          null,
          null,
          1,
          5124,
          null,
          5124,
          null,
          null,
          1,
          4,
          null,
          null,
          null,
          null,
          null,
          1,
          743,
          null,
          568,
          null,
          null,
          null,
          null,
          null,
          1,
          27,
          3,
          null,
          3,
          null,
          null,
          null,
          null,
          null,
          1,
          763,
          null,
          null,
          null,
          null,
          null,
          1,
          3,
          null,
          3,
          3,
          0,
          null,
          3,
          3,
          null,
          null,
          null,
          1,
          313,
          null,
          123,
          null,
          null,
          null,
          null,
          null,
          1,
          766,
          209,
          107,
          null,
          102,
          149,
          null,
          null,
          null,
          null,
          null,
          1,
          3,
          18,
          null,
          null,
          null,
          null,
          1,
          107,
          null,
          107,
          null,
          642,
          null,
          null,
          null,
          null,
          null,
          null,
          null,
          null,
          null,
          null,
          1,
          766,
          125,
          121,
          520,
          null,
          null,
          null,
          null,
          null,
          null,
          null,
          null,
          1,
          571,
          null,
          6,
          null,
          57,
          508,
          null,
          null,
          null,
          1,
          211,
          119,
          null,
          null,
          null
        ]
      },
      "/Users/ezl5238/dev/decko/gem/card-mod-history/lib/card/action/differ.rb": {
        "lines": [
          1,
          1,
          null,
          1,
          null,
          null,
          1,
          0,
          null,
          0,
          null,
          null,
          null,
          null,
          1,
          3,
          null,
          null,
          null,
          null,
          1,
          3,
          null,
          3,
          null,
          null,
          null,
          null,
          1,
          6,
          null,
          null,
          null,
          null,
          1,
          5,
          null,
          5,
          5,
          null,
          null,
          null,
          null,
          1,
          388,
          null,
          null,
          null,
          null,
          1,
          0,
          null,
          null,
          null,
          null,
          1,
          0,
          null,
          null,
          1,
          6,
          6,
          6,
          null,
          6,
          null,
          null,
          1,
          5,
          null,
          null,
          1,
          null,
          1,
          3,
          null,
          null,
          1,
          10,
          5,
          5,
          5,
          5,
          5,
          null,
          null,
          null,
          null,
          null
        ]
      },
      "/Users/ezl5238/dev/decko/gem/card-mod-history/lib/card/action/admin.rb": {
        "lines": [
          1,
          1,
          null,
          1,
          null,
          1,
          1,
          1,
          null,
          null,
          null,
          null,
          1,
          1,
          1,
          1,
          null,
          null,
          null,
          null,
          1,
          0,
          0,
          0,
          0,
          0,
          null,
          0,
          0,
          null,
          0,
          null,
          null,
          null,
          null,
          null
        ]
      },
      "/Users/ezl5238/dev/decko/gem/card/lib/card/auth.rb": {
        "lines": [
          null,
          null,
          1,
          null,
          null,
          null,
          null,
          1,
          1,
          1,
          1,
          1,
          null,
          1,
          null,
          1,
          null,
          null,
          null,
          null,
          1,
          9,
          null,
          10,
          0,
          0,
          7,
          null,
          null,
          null,
          null,
          null,
          null,
          1,
          9,
          null,
          null,
          null,
          null,
          1,
          27,
          null,
          null,
          null,
          null
        ]
      },
      "/Users/ezl5238/dev/decko/gem/card/lib/card/auth/permissions.rb": {
        "lines": [
          1,
          1,
          null,
          1,
          null,
          null,
          1,
          18917,
          18917,
          7270,
          0,
          null,
          11647,
          null,
          null,
          null,
          null,
          null,
          null,
          1,
          11647,
          11647,
          963,
          null,
          10684,
          null,
          null,
          null,
          1,
          977,
          977,
          977,
          977,
          977,
          null,
          null,
          1,
          12624,
          null,
          null,
          null,
          null,
          1,
          null,
          80,
          80,
          null,
          null,
          null,
          null,
          null,
          null,
          80,
          3520,
          null,
          null,
          null,
          null,
          null,
          null,
          1,
          963,
          null,
          null,
          1,
          963,
          null,
          963,
          null,
          null,
          null,
          null
        ]
      },
      "/Users/ezl5238/dev/decko/gem/card/lib/card/auth/proxy.rb": {
        "lines": [
          1,
          1,
          null,
          1,
          null,
          1,
          5828,
          5828,
          null,
          5828,
          5828,
          null,
          null,
          5828,
          null,
          5828,
          null,
          5823,
          null,
          5828,
          5823,
          5823,
          null,
          null,
          null,
          null,
          1,
          5235,
          null,
          null,
          null,
          null,
          1,
          51548,
          null,
          null,
          null,
          null,
          1,
          11627,
          10519,
          null,
          1108,
          null,
          null,
          null,
          null,
          null,
          1,
          5828,
          null,
          487,
          5305,
          36,
          null,
          null,
          null,
          null,
          null
        ]
      },
      "/Users/ezl5238/dev/decko/gem/card/lib/card/auth/setup.rb": {
        "lines": [
          1,
          1,
          null,
          1,
          1,
          null,
          null,
          null,
          1,
          9,
          0,
          null,
          9,
          null,
          null,
          null,
          null,
          1,
          0,
          0,
          0,
          null,
          null,
          1,
          0,
          0,
          null,
          0,
          null,
          null,
          1,
          null,
          1,
          9,
          9,
          null,
          null,
          null,
          1,
          0,
          null,
          null,
          1,
          null,
          9,
          null,
          null,
          1,
          9,
          9,
          18,
          null,
          null,
          null,
          null
        ]
      },
      "/Users/ezl5238/dev/decko/gem/card/lib/card/auth/current.rb": {
        "lines": [
          1,
          1,
          null,
          1,
          null,
          1,
          2112,
          2112,
          2112,
          null,
          null,
          null,
          null,
          1,
          507,
          null,
          null,
          null,
          null,
          1,
          47849,
          null,
          null,
          null,
          null,
          1,
          462,
          375,
          null,
          87,
          null,
          null,
          null,
          1,
          96,
          null,
          null,
          null,
          1,
          188,
          null,
          null,
          null,
          null,
          null,
          1,
          7,
          0,
          null,
          null,
          7,
          7,
          7,
          7,
          7,
          null,
          null,
          7,
          7,
          7,
          null,
          7,
          7,
          7,
          7,
          7,
          null,
          null,
          null,
          null,
          1,
          2151,
          null,
          null,
          null,
          1,
          39,
          0,
          39,
          0,
          null,
          39,
          null,
          null,
          null,
          null,
          1,
          0,
          0,
          null,
          null,
          null,
          1,
          1,
          1,
          0,
          null,
          null,
          1,
          null,
          null,
          null,
          1,
          39,
          39,
          null,
          null,
          null,
          null,
          null,
          1,
          1,
          null,
          null,
          null,
          null,
          null,
          1,
          35,
          null,
          null,
          null,
          null,
          null,
          null,
          1,
          36,
          36,
          null,
          null,
          null,
          null,
          null,
          1,
          39,
          null,
          null,
          1,
          2112,
          null,
          null,
          1,
          2207,
          null,
          null,
          1,
          2207,
          null,
          null,
          null,
          1,
          2132,
          2132,
          2132,
          null,
          null,
          null,
          null
        ]
      },
      "/Users/ezl5238/dev/decko/gem/card/lib/card/auth/token.rb": {
        "lines": [
          1,
          null,
          1,
          1,
          null,
          1,
          1,
          null,
          1,
          1,
          45,
          null,
          45,
          null,
          null,
          null,
          null,
          1,
          0,
          0,
          null,
          0,
          null,
          null,
          1,
          8,
          4,
          null,
          4,
          null,
          null,
          1,
          45,
          null,
          null,
          null,
          null,
          null
        ]
      },
      "/Users/ezl5238/dev/decko/gem/card/lib/card/content/diff.rb": {
        "lines": [
          null,
          null,
          1,
          1,
          1,
          1,
          1,
          13,
          null,
          null,
          1,
          8,
          null,
          null,
          1,
          53,
          null,
          null,
          1,
          38,
          null,
          null,
          null,
          1,
          1,
          null,
          null,
          null,
          null,
          null,
          null,
          null,
          null,
          null,
          1,
          33,
          33,
          null,
          33,
          33,
          null,
          null,
          1,
          4,
          null,
          null,
          1,
          4,
          null,
          null,
          1,
          null,
          1,
          33,
          33,
          null,
          8,
          null,
          6,
          12,
          null,
          3,
          null,
          65,
          null,
          33,
          null,
          null,
          null,
          null
        ]
      },
      "/Users/ezl5238/dev/decko/gem/card/lib/card/format/nest.rb": {
        "lines": [
          1,
          1,
          null,
          1,
          1,
          null,
          1,
          1,
          7930,
          7930,
          7930,
          7930,
          7930,
          null,
          null,
          null,
          1,
          7930,
          7930,
          7930,
          7930,
          null,
          null,
          1,
          null,
          1,
          7930,
          7930,
          null,
          7930,
          null,
          null,
          1,
          7929,
          null,
          null,
          7929,
          null,
          null,
          null,
          1,
          7930,
          null,
          7926,
          7926,
          7926,
          null,
          null,
          null,
          null,
          null,
          1,
          7930,
          null,
          null,
          1,
          7930,
          null,
          null,
          null,
          null,
          7930,
          7930,
          null,
          null,
          null,
          null,
          null,
          1,
          24,
          null,
          null,
          1,
          null,
          24,
          null,
          null,
          null,
          null,
          null,
          null
        ]
      },
      "/Users/ezl5238/dev/decko/gem/card/lib/card/format/nest/fetch.rb": {
        "lines": [
          1,
          1,
          1,
          null,
          1,
          1,
          null,
          1,
          7930,
          5489,
          100,
          1015,
          1326,
          null,
          null,
          1,
          null,
          null,
          1,
          1,
          1,
          1,
          1,
          null,
          null,
          1,
          1,
          null,
          null,
          null,
          1,
          1326,
          1326,
          null,
          null,
          1,
          1326,
          1326,
          1326,
          null,
          null,
          null,
          null,
          1,
          null,
          1326,
          1322,
          null,
          null,
          1,
          1326,
          1326,
          31,
          null,
          null,
          null,
          1,
          1326,
          1326,
          null,
          null,
          1,
          null,
          null,
          1326,
          1326,
          null,
          null,
          1,
          1326,
          null,
          null,
          null,
          null,
          null
        ]
      },
      "/Users/ezl5238/dev/decko/gem/card/lib/card/mailer.rb": {
        "lines": [
          null,
          null,
          1,
          null,
          1,
          1,
          1,
          1,
          1,
          1,
          1,
          null,
          1,
          1,
          102,
          102,
          102,
          102,
          102,
          102,
          null,
          null,
          1,
          103,
          null,
          null,
          null,
          null,
          null,
          null,
          null,
          null,
          null,
          null,
          null,
          null,
          null,
          null
        ]
      },
      "/Users/ezl5238/dev/decko/gem/card/lib/card/migration.rb": {
        "lines": [
          null,
          null,
          1,
          1,
          1,
          1,
          null,
          1,
          null,
          null,
          null,
          null,
          null,
          null,
          null,
          1,
          7,
          null,
          null,
          1,
          0,
          0,
          0,
          0,
          0,
          null,
          0,
          null,
          null,
          1,
          7,
          null,
          null,
          1,
          0,
          null,
          null,
          1,
          0,
          null,
          null,
          1,
          0,
          0,
          0,
          null,
          null,
          null,
          1,
          0,
          0,
          null,
          null,
          null,
          null,
          1,
          7,
          7,
          null,
          null,
          null,
          1,
          0,
          0,
          0,
          0,
          null,
          0,
          null,
          null,
          null,
          null,
          null,
          null,
          null,
          null,
          1,
          0,
          0,
          0,
          0,
          null,
          null,
          1,
          0,
          0,
          0,
          0,
          null,
          0,
          0,
          null,
          0,
          null,
          0,
          null,
          null,
          null,
          null,
          1,
          0,
          0,
          null,
          0,
          null,
          null,
          1,
          0,
          null,
          0,
          0,
          null,
          null,
          1,
          0,
          0,
          0,
          null,
          null,
          1,
          0,
          null,
          null,
          1,
          0,
          null,
          null,
          1,
          0,
          null,
          null,
          null,
          null,
          1,
          0,
          0,
          0,
          0,
          null,
          0,
          null,
          null,
          0,
          null,
          null,
          0,
          null,
          null,
          1,
          0,
          null,
          null,
          1,
          0,
          null,
          null,
          null,
          null,
          1
        ]
      },
      "/Users/ezl5238/dev/decko/gem/card/lib/card/migration/core.rb": {
        "lines": [
          null,
          null,
          1,
          null,
          1,
          1,
          1,
          1,
          null,
          null,
          null
        ]
      },
      "/Users/ezl5238/dev/decko/gem/card/lib/card/migration/import.rb": {
        "lines": [
          1,
          1,
          null,
          1,
          1,
          null,
          null,
          null,
          null,
          null,
          null,
          null,
          null,
          null,
          null,
          null,
          1,
          1,
          7,
          null,
          null,
          null,
          null,
          null,
          null,
          null,
          null,
          null,
          1,
          1,
          null,
          null,
          null,
          null,
          null,
          null,
          null,
          null,
          null,
          null,
          1,
          6,
          6,
          6,
          9,
          null,
          null,
          null,
          null,
          null,
          1,
          0,
          0,
          null,
          null,
          null,
          null,
          1,
          1,
          1,
          null,
          null,
          null,
          1,
          null,
          1,
          7,
          null,
          null,
          1,
          0,
          null,
          null,
          null,
          1,
          null,
          6,
          0,
          6,
          3,
          null,
          3,
          null,
          null,
          6,
          0,
          null,
          6,
          null,
          6,
          null,
          null,
          1,
          0,
          0,
          0,
          0,
          null,
          null,
          1,
          6,
          6,
          null,
          null,
          null,
          1,
          0,
          0,
          null,
          0,
          null,
          0,
          null,
          0,
          null,
          null,
          null,
          null,
          null
        ]
      },
      "/Users/ezl5238/dev/decko/gem/card/lib/card/migration/import/import_data.rb": {
        "lines": [
          1,
          1,
          1,
          null,
          1,
          1,
          1,
          null,
          null,
          null,
          null,
          1,
          8,
          8,
          8,
          null,
          null,
          1,
          1,
          1,
          0,
          1,
          0,
          null,
          1,
          null,
          null,
          null,
          1,
          43,
          43,
          43,
          null,
          null,
          1,
          0,
          null,
          null,
          1,
          0,
          0,
          0,
          0,
          null,
          0,
          null,
          null,
          null,
          1,
          1,
          1,
          null,
          1,
          null,
          null,
          null,
          null,
          1,
          1,
          null,
          null,
          null,
          1,
          9,
          null,
          9,
          9,
          9,
          null,
          null,
          null,
          1,
          1,
          null,
          null,
          1,
          0,
          null,
          null,
          1,
          null,
          1,
          9,
          9,
          27,
          null,
          9,
          9,
          null,
          null,
          1,
          1,
          null,
          null,
          1,
          20,
          null,
          null,
          1,
          1,
          1,
          1,
          2,
          null,
          1,
          null,
          null,
          1,
          1,
          null,
          null,
          1,
          0,
          null,
          null,
          null,
          null,
          null
        ]
      },
      "/Users/ezl5238/dev/decko/gem/card/lib/card/migration/import/import_data/card_content.rb": {
        "lines": [
          1,
          1,
          1,
          1,
          null,
          1,
          1,
          1,
          null,
          null,
          1,
          0,
          null,
          null,
          1,
          null,
          1,
          9,
          9,
          null,
          null,
          1,
          10,
          10,
          null,
          null,
          null,
          null,
          null,
          null
        ]
      },
      "/Users/ezl5238/dev/decko/gem/card/lib/card/migration/import/import_data/card_attributes.rb": {
        "lines": [
          1,
          1,
          1,
          1,
          null,
          1,
          1,
          1,
          4,
          null,
          null,
          1,
          9,
          null,
          null,
          9,
          9,
          9,
          0,
          null,
          9,
          null,
          null,
          null,
          1,
          1,
          1,
          null,
          0,
          0,
          null,
          null,
          1,
          8,
          null,
          0,
          null,
          null,
          null,
          1,
          43,
          43,
          null,
          23,
          null,
          null,
          1,
          10,
          10,
          5,
          null,
          null,
          null,
          1,
          null,
          1,
          43,
          43,
          null,
          null,
          null,
          null,
          null,
          null
        ]
      },
      "/Users/ezl5238/dev/decko/gem/card/lib/card/migration/import/merger.rb": {
        "lines": [
          1,
          1,
          1,
          null,
          1,
          1,
          1,
          1,
          1,
          null,
          null,
          1,
          1,
          null,
          1,
          1,
          1,
          null,
          null,
          1,
          null,
          null,
          1,
          null,
          1,
          1,
          1,
          1,
          1,
          null,
          null,
          null,
          null,
          null,
          null,
          null
        ]
      },
      "/Users/ezl5238/dev/decko/gem/card/lib/card/subcards.rb": {
        "lines": [
          null,
          null,
          1,
          null,
          null,
          null,
          null,
          null,
          null,
          null,
          null,
          null,
          1,
          1,
          1,
          1,
          null,
          1,
          1,
          2828,
          2828,
          null,
          null,
          1,
          0,
          null,
          null,
          1,
          60,
          60,
          null,
          null,
          1,
          3,
          null,
          3,
          null,
          null,
          1,
          40,
          null,
          null,
          1,
          0,
          0,
          null,
          null,
          null,
          1,
          201,
          null,
          16,
          16,
          null,
          null,
          1,
          3,
          null,
          null,
          1,
          3,
          null,
          3,
          null,
          null,
          null,
          null,
          null,
          null,
          1,
          33174,
          10307,
          null,
          null,
          null,
          1,
          33174,
          10307,
          null,
          null,
          null,
          1,
          null,
          1,
          2910,
          379,
          379,
          null,
          null,
          null,
          1,
          10747,
          null,
          null,
          1,
          null,
          1,
          1,
          0,
          0,
          1,
          null,
          1,
          1,
          null,
          null,
          1,
          845,
          845,
          null,
          837,
          null,
          null,
          null
        ]
      },
      "/Users/ezl5238/dev/decko/gem/card/lib/card/subcards/add.rb": {
        "lines": [
          1,
          1,
          null,
          1,
          null,
          null,
          null,
          null,
          null,
          null,
          null,
          null,
          null,
          null,
          null,
          null,
          1,
          0,
          null,
          null,
          1,
          0,
          null,
          0,
          null,
          0,
          null,
          null,
          null,
          1,
          2465,
          984,
          984,
          497,
          null,
          null,
          null,
          1,
          984,
          2,
          null,
          982,
          null,
          null,
          null,
          1,
          97,
          97,
          null,
          1,
          null,
          1,
          1829,
          1829,
          771,
          null,
          1829,
          1829,
          1829,
          1829,
          null,
          null,
          1,
          845,
          845,
          845,
          845,
          845,
          845,
          845,
          null,
          null,
          1,
          845,
          null,
          null,
          null,
          null,
          null,
          null,
          1,
          845,
          845,
          1,
          1,
          null,
          null,
          845,
          518,
          null,
          845,
          null,
          null,
          1,
          null,
          null,
          1,
          1,
          1,
          null,
          null,
          null,
          1,
          982,
          346,
          null,
          240,
          null,
          0,
          0,
          null,
          0,
          null,
          106,
          null,
          null,
          null,
          null,
          null,
          null
        ]
      },
      "/Users/ezl5238/dev/decko/gem/card/lib/card/subcards/remove.rb": {
        "lines": [
          1,
          1,
          null,
          1,
          1,
          0,
          0,
          null,
          1,
          null,
          1,
          1,
          1,
          null,
          1,
          1,
          null,
          null,
          1,
          0,
          0,
          null,
          null,
          1,
          1,
          1,
          1,
          null,
          1,
          1,
          null,
          null,
          1,
          0,
          0,
          null,
          0,
          0,
          null,
          0,
          null,
          null,
          null,
          null
        ]
      },
      "/Users/ezl5238/dev/decko/gem/card/lib/card/subcards/relate.rb": {
        "lines": [
          1,
          1,
          null,
          1,
          1,
          60,
          0,
          null,
          60,
          null,
          null,
          null,
          1,
          60,
          60,
          57,
          null,
          3,
          null,
          null,
          null,
          1,
          3,
          null,
          null,
          null,
          null
        ]
      },
      "/Users/ezl5238/dev/decko/gem/card/lib/card/env/success.rb": {
        "lines": [
          1,
          1,
          null,
          1,
          1,
          null,
          1,
          1,
          1,
          null,
          1,
          159,
          159,
          159,
          159,
          null,
          null,
          1,
          13,
          13,
          null,
          null,
          1,
          159,
          null,
          146,
          146,
          null,
          0,
          null,
          13,
          null,
          null,
          null,
          1,
          164,
          154,
          null,
          10,
          null,
          null,
          null,
          1,
          13,
          null,
          null,
          null,
          1,
          159,
          4,
          153,
          2,
          null,
          0,
          null,
          null,
          null,
          null,
          1,
          null,
          null,
          4,
          null,
          null,
          1,
          0,
          null,
          null,
          1,
          0,
          null,
          null,
          1,
          0,
          null,
          null,
          1,
          66,
          66,
          null,
          null,
          1,
          72,
          2,
          57,
          2,
          null,
          6,
          6,
          5,
          null,
          null,
          null,
          1,
          155,
          21,
          null,
          null,
          null,
          1,
          225,
          15,
          210,
          3,
          207,
          76,
          null,
          null,
          null,
          1,
          225,
          131,
[...]
        ]
      },
      "/Users/ezl5238/dev/decko/gem/card/tmpsets/set/mod027-card-mod-rules/rule/quick_editor.rb": {
        "lines": [
          null,
          3,
          null,
          null,
          1,
          1,
          1,
          2,
          1,
          0,
          null,
          null,
          1,
          0,
          null,
          null,
          1,
          0,
          null,
          null,
          1,
          0,
          0,
          null,
          null,
          null,
          1,
          0,
          null,
          null,
          null,
          1,
          0,
          0,
          null,
          null,
          null,
          1,
          0,
          null,
          null,
          null,
          null,
          null,
          null,
          null,
          null,
          null
        ]
      },
      "/Users/ezl5238/dev/decko/gem/card/tmpsets/set/mod027-card-mod-rules/rule/rule_form.rb": {
        "lines": [
          null,
          3,
          null,
          null,
          1,
          1,
          1,
          2,
          1,
          0,
          0,
          0,
          null,
          0,
          0,
          null,
          0,
          null,
          null,
          null,
          null,
          null,
          null,
          1,
          0,
          null,
          null,
          1,
          0,
          0,
          null,
          null,
          1,
          0,
          null,
          0,
          0,
          0,
          null,
          0,
          null,
          null,
          1,
          0,
          null,
          0,
          null,
          null,
          1,
          0,
          0,
          0,
          0,
          null,
          null,
          1,
          0,
          null,
          null,
          1,
          0,
          null,
          null,
          null,
          null,
          null
        ]
      },
      "/Users/ezl5238/dev/decko/gem/card/tmpsets/set/mod027-card-mod-rules/rule/rule_form/buttons.rb": {
        "lines": [
          null,
          4,
          null,
          null,
          1,
          1,
          1,
          2,
          1,
          0,
          null,
          0,
          null,
          null,
          null,
          null,
          null,
          null,
          null,
          1,
          0,
          null,
          null,
          1,
          0,
          null,
          null,
          0,
          null,
          null,
          null,
          null,
          null,
          0,
          0,
          0,
          null,
          null,
          null,
          1,
          0,
          null,
          0,
          0,
          null,
          0,
          null,
          null,
          null,
          1,
          0,
          null,
          null,
          null,
          null
        ]
      },
      "/Users/ezl5238/dev/decko/gem/card/tmpsets/set/mod027-card-mod-rules/rule/rule_form/form_elements.rb": {
        "lines": [
          null,
          4,
          null,
          null,
          1,
          1,
          1,
          2,
          null,
          null,
          1,
          0,
          0,
          null,
          null,
          null,
          1,
          0,
          0,
          0,
          0,
          0,
          null,
          null,
          null,
          null,
          1,
          0,
          0,
          null,
          0,
          0,
          0,
          null,
          null,
          null,
          1,
          0,
          0,
          null,
          null,
          1,
          0,
          0,
          0,
          null,
          null,
          null,
          null,
          1,
          0,
          0,
          0,
          0,
          0,
          null,
          null,
          null,
          null,
          null,
          null
        ]
      },
      "/Users/ezl5238/dev/decko/gem/card/tmpsets/set/mod027-card-mod-rules/rule/rule_form/rule_set_radio.rb": {
        "lines": [
          null,
          3,
          null,
          null,
          null,
          1,
          1,
          1,
          1,
          1,
          null,
          null,
          null,
          1,
          0,
          0,
          0,
          0,
          0,
          null,
          null,
          1,
          0,
          null,
          0,
          0,
          0,
          null,
          null,
          null,
          1,
          null,
          1,
          0,
          null,
          null,
          1,
          0,
          null,
          null,
          1,
          0,
          0,
          0,
          0,
          null,
          null,
          null,
          1,
          0,
          0,
          0,
          null,
          null,
          1,
          0,
          null,
          0,
          null,
          0,
          null,
          null,
          null,
          null,
          1,
          0,
          0,
          null,
          0,
          null,
          null,
          null,
          null,
          null,
          1,
          0,
          null,
          0,
          0,
          null,
          0,
          null,
          null,
          1,
          0,
          null,
          0,
          null,
          null,
          null,
          null
        ]
      },
      "/Users/ezl5238/dev/decko/gem/card/tmpsets/set/mod027-card-mod-rules/rule/rule_form/set_selection.rb": {
        "lines": [
          null,
          4,
          null,
          null,
          1,
          1,
          1,
          2,
          1,
          0,
          0,
          null,
          null,
          null,
          1,
          0,
          0,
          null,
          0,
          0,
          0,
          null,
          null,
          null,
          null,
          1,
          0,
          0,
          0,
          0,
          null,
          null,
          null,
          null,
          0,
          0,
          null,
          null,
          null,
          null,
          null,
          null,
          1,
          0,
          null,
          null,
          null,
          null
        ]
      },
      "/Users/ezl5238/dev/decko/gem/card/tmpsets/set/mod027-card-mod-rules/rule/rules.rb": {
        "lines": [
          null,
          3,
          null,
          null,
          1,
          1,
          1,
          1,
          10,
          10,
          10,
          null,
          null,
          null,
          1,
          0,
          null,
          null,
          1,
          0,
          0,
          null,
          0,
          null,
          null,
          null,
          1,
          0,
          null,
          null,
          1,
          4,
          0,
          null,
          4,
          null,
          null,
          null,
          1,
          0,
          null,
          null,
          1,
          0,
          null,
          null,
          1,
          0,
          null,
          null,
          1,
          0,
          null,
          null,
          1,
          0,
          0,
          null,
          0,
          null,
          null,
          null,
          null,
          1,
          0,
          0,
          0,
          null,
          null,
          null,
          null,
          null,
          null,
          null,
          null,
          1,
          0,
          null,
          null,
          1,
          0,
          0,
          null,
          0,
          null,
          null,
          null,
          1,
          null,
          1,
          0,
          0,
          0,
          null,
          null,
          1,
          0,
          0,
          0,
          0,
          null,
          0,
          null,
          null,
          null,
          1,
          0,
          null,
          null,
          1,
          0,
          null,
          null,
          1,
          0,
          null,
          null,
          null
        ]
      },
      "/Users/ezl5238/dev/decko/gem/card/tmpsets/set/mod027-card-mod-rules/right/self.rb": {
        "lines": [
          null,
          3,
          null,
          null,
          1,
          1,
          1,
          1,
          0,
          null,
          null,
          null
        ]
      },
      "/Users/ezl5238/dev/decko/gem/card/tmpsets/set/mod027-card-mod-rules/self/script_rules.rb": {
        "lines": [
          null,
          3,
          null,
          null,
          1,
          1,
          1,
          1,
          null,
          1,
          null,
          null
        ]
      },
      "/Users/ezl5238/dev/decko/gem/card/tmpsets/set/mod028-card-mod-tinymce_editor/all/reference_editor.rb": {
        "lines": [
          null,
          3,
          null,
          null,
          null,
          1,
          1,
          1,
          null,
          2,
          1,
          0,
          null,
          null,
          1,
          0,
          null,
          null,
          1,
          0,
          null,
          null,
          1,
          null,
          1,
          0,
          0,
          0,
          0,
          0,
          null,
          null,
          null,
          1,
          0,
          null,
          0,
          null,
          null,
          null,
          null
        ]
      },
      "/Users/ezl5238/dev/decko/gem/card/tmpsets/set/mod028-card-mod-tinymce_editor/all/reference_editor/link_editor.rb": {
        "lines": [
          null,
          4,
          null,
          null,
          1,
          1,
          1,
          2,
          1,
          null,
          null,
          null,
          0,
          null,
          null,
          1,
          null,
          0,
          null,
          null,
          1,
          0,
          0,
          null,
          null,
          null,
          1,
          0,
          0,
          null,
          null,
          null,
          1,
          0,
          null,
          null,
          1,
          0,
          null,
          null,
          null,
          null
        ]
      },
      "/Users/ezl5238/dev/decko/gem/card/tmpsets/set/mod028-card-mod-tinymce_editor/all/reference_editor/link_editor/link_parser.rb": {
        "lines": [
          null,
          4,
          null,
          null,
          null,
          null,
          1,
          1,
          null,
          null,
          1,
          1,
          null,
          1,
          0,
          null,
          0,
          null,
          null,
          1,
          0,
          0,
          0,
          0,
          null,
          null,
          1,
          0,
          null,
          null,
          1,
          0,
          null,
          null,
          1,
          null,
          1,
          0,
          0,
          null,
          null,
          null,
          null
        ]
      },
      "/Users/ezl5238/dev/decko/gem/card/tmpsets/set/mod028-card-mod-tinymce_editor/all/reference_editor/nest_editor.rb": {
        "lines": [
          null,
          4,
          null,
          null,
          1,
          1,
          1,
          null,
          1,
          0,
          null,
          null,
          2,
          null,
          null,
          null,
          null,
          1,
          null,
          null,
          null,
          0,
          null,
          null,
          1,
          null,
          0,
          null,
          null,
          1,
          0,
          0,
          null,
          0,
          null,
          null,
          null,
          1,
          0,
          0,
          0,
          null,
          null,
          null,
          null,
          1,
          0,
          0,
          0,
          null,
          null,
          0,
          null,
          null,
          1,
          0,
          null,
          null,
          1,
          0,
          null,
          null,
          1,
          0,
          0,
          null,
          null,
          null,
          null,
          1,
          0,
          0,
          null,
          null,
          null,
          1,
          0,
          0,
          0,
          0,
          null,
          0,
          null,
          0,
          null,
          null,
          1,
          0,
          null,
          0,
          null,
          null,
          null,
          1,
          0,
          0,
          null,
          null,
          null,
          1,
          0,
          null,
          null,
          null,
          null,
          1,
          0,
          0,
          0,
          null,
          0,
          null,
          null,
          null,
          1,
          0,
          null,
          null,
          1,
          0,
          0,
          0,
          null,
          null,
          null,
          null,
          null,
          null,
          1,
          0,
          0,
          0,
          null,
          null,
          null,
          null,
          null,
          1,
          0,
          0,
          0,
          0,
          null,
          null,
          1,
          0,
          0,
          null,
          0,
          null,
          null,
          null,
          1,
          0,
          null,
          null,
          1,
          null,
          0,
          null,
          null,
          null,
          null,
          null,
          1,
          0,
          0,
          0,
          0,
          null,
          0,
          null,
          null,
          null,
          null,
          null,
          1,
          0,
          0,
          0,
          null,
          null,
          null,
          null,
          null
        ]
      },
      "/Users/ezl5238/dev/decko/gem/card/tmpsets/set/mod028-card-mod-tinymce_editor/all/reference_editor/nest_image.rb": {
        "lines": [
          null,
          4,
          null,
          null,
          1,
          1,
          1,
          2,
          1,
          null,
          null,
          null,
          0,
          null,
          null,
          1,
          null,
          0,
          null,
          null,
          1,
          0,
          null,
          null,
          1,
          0,
          0,
          null,
          null,
          null,
          1,
          0,
          0,
          0,
          null,
          0,
          0,
          null,
          null,
          null,
          1,
          0,
          null,
          null,
          null,
          null,
          1,
          0,
          0,
          null,
          null,
          null,
          null,
          2,
          1,
          0,
          0,
          null,
          0,
          null,
          0,
          null,
          null,
          null,
          null,
          1,
          0,
          0,
          null,
          0,
          null,
          0,
          null,
          null,
          null,
          null,
          null,
          null,
          null
        ]
      },
      "/Users/ezl5238/dev/decko/gem/card/tmpsets/set/mod028-card-mod-tinymce_editor/all/tinymce_editor.rb": {
        "lines": [
          null,
          3,
          null,
          null,
          1,
          1,
          1,
          null,
          2,
          1,
          7,
          null,
          null,
          null,
          null,
          null
        ]
      },
      "/Users/ezl5238/dev/decko/gem/card/tmpsets/set/mod028-card-mod-tinymce_editor/self/script_tinymce.rb": {
        "lines": [
          null,
          3,
          null,
          null,
          1,
          1,
          1,
          1,
          null,
          1,
          1,
          null,
          null
        ]
      },
      "/Users/ezl5238/dev/decko/gem/card/tmpsets/set/mod028-card-mod-tinymce_editor/self/script_tinymce_config.rb": {
        "lines": [
          null,
          3,
          null,
          null,
          1,
          1,
          1,
          1,
          null,
          1,
          1,
          null,
          null
        ]
      },
      "/Users/ezl5238/dev/decko/gem/card/tmpsets/set/mod028-card-mod-tinymce_editor/self/tiny_mce.rb": {
        "lines": [
          null,
          3,
          null,
          null,
          1,
          1,
          1,
          1,
          0,
          null,
          null,
          null,
          null,
          null,
          null,
          null
        ]
      },
      "/Users/ezl5238/dev/decko/gem/card/tmpsets/set/mod030-card-mod-monkey/all/event_viz.rb": {
        "lines": [
          null,
          3,
          null,
          null,
          null,
          null,
          null,
          null,
          null,
          null,
          null,
          1,
          1,
          1,
          null,
          null,
          null,
          null,
          null,
          null,
          1,
          0,
          0,
          0,
          0,
          null,
          null,
          1,
          0,
          0,
          null,
          null,
          null,
          1,
          null,
          1,
          0,
          0,
          0,
          0,
          0,
          0,
          0,
          null,
          0,
          null,
          null,
          1,
          0,
          0,
          0,
          0,
          null,
          0,
          null,
          null,
          null,
          1,
          0,
          null,
          null,
          1,
          0,
          null,
          0,
          null,
          null,
          1,
          0,
          0,
          null,
          null,
          null
        ]
      },
      "/Users/ezl5238/dev/decko/gem/card/tmpsets/set/mod030-card-mod-monkey/all/view_viz.rb": {
        "lines": [
          null,
          3,
          null,
          null,
          1,
          1,
          1,
          2,
          1,
          null,
          0,
          null,
          0,
          0,
          0,
          null,
          0,
          0,
          0,
          null,
          0,
          null,
          null,
          1,
          0,
          0,
          null,
          0,
          null,
          null,
          null,
          null
        ]
      },
      "/Users/ezl5238/dev/decko/gem/card/tmpsets/set/mod030-card-mod-monkey/right/debug.rb": {
        "lines": [
          null,
          3,
          null,
          null,
          1,
          1,
          1,
          1,
          0,
          null,
          null,
          2,
          1,
          0,
          0,
          null,
          null,
          null,
          1,
          0,
          null,
          null,
          null,
          null,
          null,
          null,
          null,
          null,
          null,
          null,
          null,
          1,
          0,
          0,
          0,
          0,
          null,
          0,
          null,
          null,
          1,
          0,
          0,
          null,
          null,
          null,
          1,
          0,
          0,
          0,
          null,
          null,
          1,
          0,
          0,
          0,
          0,
          null,
          0,
          null,
          null,
          null,
          null,
          null,
          null,
          null,
          1,
          0,
          null,
          null,
          null,
          null,
          null,
          1,
          0,
          0,
          0,
          0,
          0,
          0,
          0,
          null,
          0,
          0,
          null,
          null,
          1,
          null,
          0,
          0,
          0,
          0,
          0,
          null,
          null,
          null,
          null
        ]
      }
    },
    "timestamp": 1603078735
  }
}
